2025-07-01T11:15:02.361+02:00  WARN 24704 --- [subtrackr] [HikariPool-1:housekeeper] com.zaxxer.hikari.pool.HikariPool        : HikariPool-1 - Thread starvation or clock leap detected (housekeeper delta=22h25m8s96ms181µs700ns).
2025-07-01T11:15:02.380+02:00  WARN 24704 --- [subtrackr] [HikariPool-1:housekeeper] com.zaxxer.hikari.pool.PoolBase          : HikariPool-1 - Failed to validate connection org.postgresql.jdbc.PgConnection@5f21f34a (This connection has been closed.). Possibly consider using a shorter maxLifetime value.
2025-07-01T11:15:02.385+02:00  WARN 24704 --- [subtrackr] [HikariPool-1:housekeeper] com.zaxxer.hikari.pool.PoolBase          : HikariPool-1 - Failed to validate connection org.postgresql.jdbc.PgConnection@174adedd (This connection has been closed.). Possibly consider using a shorter maxLifetime value.
2025-07-01T11:15:02.387+02:00  WARN 24704 --- [subtrackr] [HikariPool-1:housekeeper] com.zaxxer.hikari.pool.PoolBase          : HikariPool-1 - Failed to validate connection org.postgresql.jdbc.PgConnection@4721c4dd (This connection has been closed.). Possibly consider using a shorter maxLifetime value.
2025-07-01T11:15:02.390+02:00  WARN 24704 --- [subtrackr] [HikariPool-1:housekeeper] com.zaxxer.hikari.pool.PoolBase          : HikariPool-1 - Failed to validate connection org.postgresql.jdbc.PgConnection@65d4bd87 (This connection has been closed.). Possibly consider using a shorter maxLifetime value.
2025-07-01T11:15:02.392+02:00  WARN 24704 --- [subtrackr] [HikariPool-1:housekeeper] com.zaxxer.hikari.pool.PoolBase          : HikariPool-1 - Failed to validate connection org.postgresql.jdbc.PgConnection@7901669c (This connection has been closed.). Possibly consider using a shorter maxLifetime value.
2025-07-01T11:15:02.394+02:00  WARN 24704 --- [subtrackr] [HikariPool-1:housekeeper] com.zaxxer.hikari.pool.PoolBase          : HikariPool-1 - Failed to validate connection org.postgresql.jdbc.PgConnection@38fce357 (This connection has been closed.). Possibly consider using a shorter maxLifetime value.
2025-07-01T11:15:02.396+02:00  WARN 24704 --- [subtrackr] [HikariPool-1:housekeeper] com.zaxxer.hikari.pool.PoolBase          : HikariPool-1 - Failed to validate connection org.postgresql.jdbc.PgConnection@7132cfb9 (This connection has been closed.). Possibly consider using a shorter maxLifetime value.
2025-07-01T11:15:02.399+02:00  WARN 24704 --- [subtrackr] [HikariPool-1:housekeeper] com.zaxxer.hikari.pool.PoolBase          : HikariPool-1 - Failed to validate connection org.postgresql.jdbc.PgConnection@616232a5 (This connection has been closed.). Possibly consider using a shorter maxLifetime value.
2025-07-01T11:15:02.403+02:00  WARN 24704 --- [subtrackr] [HikariPool-1:housekeeper] com.zaxxer.hikari.pool.PoolBase          : HikariPool-1 - Failed to validate connection org.postgresql.jdbc.PgConnection@314a6c9d (This connection has been closed.). Possibly consider using a shorter maxLifetime value.
2025-07-01T11:15:02.409+02:00  WARN 24704 --- [subtrackr] [HikariPool-1:housekeeper] com.zaxxer.hikari.pool.PoolBase          : HikariPool-1 - Failed to validate connection org.postgresql.jdbc.PgConnection@430dc9ae (This connection has been closed.). Possibly consider using a shorter maxLifetime value.
2025-07-01T11:20:18.448+02:00 DEBUG 24704 --- [subtrackr] [http-nio-8080-exec-8] c.e.s.s.jwt.JwtAuthenticationFilter      : [JWT Filter] Authorization header: Bearer eyJhbGciOiJIUzI1NiJ9.eyJzdWIiOiJ0ZXN0QGV4YW1wbGUuY29tIiwiaWF0IjoxNzUxMjgwNTgxLCJleHAiOjE3NTEyODQxODF9.Xe7NiUGv2YtvqiV0ViP-LR5br-uoVNcGKCyNB1JB2G4
2025-07-01T11:20:18.459+02:00 ERROR 24704 --- [subtrackr] [http-nio-8080-exec-8] o.a.c.c.C.[.[.[/].[dispatcherServlet]    : Servlet.service() for servlet [dispatcherServlet] in context with path [] threw exception

io.jsonwebtoken.ExpiredJwtException: JWT expired at 2025-06-30T11:49:41Z. Current time: 2025-07-01T09:20:18Z, a difference of 77437452 milliseconds.  Allowed clock skew: 0 milliseconds.
	at io.jsonwebtoken.impl.DefaultJwtParser.parse(DefaultJwtParser.java:427) ~[jjwt-impl-0.11.5.jar:0.11.5]
	at io.jsonwebtoken.impl.DefaultJwtParser.parse(DefaultJwtParser.java:529) ~[jjwt-impl-0.11.5.jar:0.11.5]
	at io.jsonwebtoken.impl.DefaultJwtParser.parseClaimsJws(DefaultJwtParser.java:589) ~[jjwt-impl-0.11.5.jar:0.11.5]
	at io.jsonwebtoken.impl.ImmutableJwtParser.parseClaimsJws(ImmutableJwtParser.java:173) ~[jjwt-impl-0.11.5.jar:0.11.5]
	at com.example.subtrackr.security.jwt.JwtService.extractClaim(JwtService.java:56) ~[classes/:na]
	at com.example.subtrackr.security.jwt.JwtService.extractUsername(JwtService.java:47) ~[classes/:na]
	at com.example.subtrackr.security.jwt.JwtAuthenticationFilter.doFilterInternal(JwtAuthenticationFilter.java:53) ~[classes/:na]
	at org.springframework.web.filter.OncePerRequestFilter.doFilter(OncePerRequestFilter.java:116) ~[spring-web-6.2.8.jar:6.2.8]
	at org.springframework.security.web.ObservationFilterChainDecorator$ObservationFilter.wrapFilter(ObservationFilterChainDecorator.java:240) ~[spring-security-web-6.5.1.jar:6.5.1]
	at org.springframework.security.web.ObservationFilterChainDecorator$ObservationFilter.doFilter(ObservationFilterChainDecorator.java:227) ~[spring-security-web-6.5.1.jar:6.5.1]
	at org.springframework.security.web.ObservationFilterChainDecorator$VirtualFilterChain.doFilter(ObservationFilterChainDecorator.java:137) ~[spring-security-web-6.5.1.jar:6.5.1]
	at org.springframework.security.web.authentication.logout.LogoutFilter.doFilter(LogoutFilter.java:107) ~[spring-security-web-6.5.1.jar:6.5.1]
	at org.springframework.security.web.authentication.logout.LogoutFilter.doFilter(LogoutFilter.java:93) ~[spring-security-web-6.5.1.jar:6.5.1]
	at org.springframework.security.web.ObservationFilterChainDecorator$ObservationFilter.wrapFilter(ObservationFilterChainDecorator.java:240) ~[spring-security-web-6.5.1.jar:6.5.1]
	at org.springframework.security.web.ObservationFilterChainDecorator$ObservationFilter.doFilter(ObservationFilterChainDecorator.java:227) ~[spring-security-web-6.5.1.jar:6.5.1]
	at org.springframework.security.web.ObservationFilterChainDecorator$VirtualFilterChain.doFilter(ObservationFilterChainDecorator.java:137) ~[spring-security-web-6.5.1.jar:6.5.1]
	at org.springframework.security.web.header.HeaderWriterFilter.doHeadersAfter(HeaderWriterFilter.java:90) ~[spring-security-web-6.5.1.jar:6.5.1]
	at org.springframework.security.web.header.HeaderWriterFilter.doFilterInternal(HeaderWriterFilter.java:75) ~[spring-security-web-6.5.1.jar:6.5.1]
	at org.springframework.web.filter.OncePerRequestFilter.doFilter(OncePerRequestFilter.java:116) ~[spring-web-6.2.8.jar:6.2.8]
	at org.springframework.security.web.ObservationFilterChainDecorator$ObservationFilter.wrapFilter(ObservationFilterChainDecorator.java:240) ~[spring-security-web-6.5.1.jar:6.5.1]
	at org.springframework.security.web.ObservationFilterChainDecorator$ObservationFilter.doFilter(ObservationFilterChainDecorator.java:227) ~[spring-security-web-6.5.1.jar:6.5.1]
	at org.springframework.security.web.ObservationFilterChainDecorator$VirtualFilterChain.doFilter(ObservationFilterChainDecorator.java:137) ~[spring-security-web-6.5.1.jar:6.5.1]
	at org.springframework.security.web.context.SecurityContextHolderFilter.doFilter(SecurityContextHolderFilter.java:82) ~[spring-security-web-6.5.1.jar:6.5.1]
	at org.springframework.security.web.context.SecurityContextHolderFilter.doFilter(SecurityContextHolderFilter.java:69) ~[spring-security-web-6.5.1.jar:6.5.1]
	at org.springframework.security.web.ObservationFilterChainDecorator$ObservationFilter.wrapFilter(ObservationFilterChainDecorator.java:240) ~[spring-security-web-6.5.1.jar:6.5.1]
	at org.springframework.security.web.ObservationFilterChainDecorator$ObservationFilter.doFilter(ObservationFilterChainDecorator.java:227) ~[spring-security-web-6.5.1.jar:6.5.1]
	at org.springframework.security.web.ObservationFilterChainDecorator$VirtualFilterChain.doFilter(ObservationFilterChainDecorator.java:137) ~[spring-security-web-6.5.1.jar:6.5.1]
	at org.springframework.security.web.context.request.async.WebAsyncManagerIntegrationFilter.doFilterInternal(WebAsyncManagerIntegrationFilter.java:62) ~[spring-security-web-6.5.1.jar:6.5.1]
	at org.springframework.web.filter.OncePerRequestFilter.doFilter(OncePerRequestFilter.java:116) ~[spring-web-6.2.8.jar:6.2.8]
	at org.springframework.security.web.ObservationFilterChainDecorator$ObservationFilter.wrapFilter(ObservationFilterChainDecorator.java:240) ~[spring-security-web-6.5.1.jar:6.5.1]
	at org.springframework.security.web.ObservationFilterChainDecorator$ObservationFilter.doFilter(ObservationFilterChainDecorator.java:227) ~[spring-security-web-6.5.1.jar:6.5.1]
	at org.springframework.security.web.ObservationFilterChainDecorator$VirtualFilterChain.doFilter(ObservationFilterChainDecorator.java:137) ~[spring-security-web-6.5.1.jar:6.5.1]
	at org.springframework.security.web.session.DisableEncodeUrlFilter.doFilterInternal(DisableEncodeUrlFilter.java:42) ~[spring-security-web-6.5.1.jar:6.5.1]
	at org.springframework.web.filter.OncePerRequestFilter.doFilter(OncePerRequestFilter.java:116) ~[spring-web-6.2.8.jar:6.2.8]
	at org.springframework.security.web.ObservationFilterChainDecorator$ObservationFilter.wrapFilter(ObservationFilterChainDecorator.java:240) ~[spring-security-web-6.5.1.jar:6.5.1]
	at org.springframework.security.web.ObservationFilterChainDecorator$AroundFilterObservation$SimpleAroundFilterObservation.lambda$wrap$0(ObservationFilterChainDecorator.java:323) ~[spring-security-web-6.5.1.jar:6.5.1]
	at org.springframework.security.web.ObservationFilterChainDecorator$ObservationFilter.doFilter(ObservationFilterChainDecorator.java:224) ~[spring-security-web-6.5.1.jar:6.5.1]
	at org.springframework.security.web.ObservationFilterChainDecorator$VirtualFilterChain.doFilter(ObservationFilterChainDecorator.java:137) ~[spring-security-web-6.5.1.jar:6.5.1]
	at org.springframework.security.web.FilterChainProxy.doFilterInternal(FilterChainProxy.java:233) ~[spring-security-web-6.5.1.jar:6.5.1]
	at org.springframework.security.web.FilterChainProxy.doFilter(FilterChainProxy.java:191) ~[spring-security-web-6.5.1.jar:6.5.1]
	at org.springframework.web.filter.CompositeFilter$VirtualFilterChain.doFilter(CompositeFilter.java:113) ~[spring-web-6.2.8.jar:6.2.8]
	at org.springframework.web.filter.ServletRequestPathFilter.doFilter(ServletRequestPathFilter.java:52) ~[spring-web-6.2.8.jar:6.2.8]
	at org.springframework.web.filter.CompositeFilter$VirtualFilterChain.doFilter(CompositeFilter.java:113) ~[spring-web-6.2.8.jar:6.2.8]
	at org.springframework.web.filter.CompositeFilter.doFilter(CompositeFilter.java:74) ~[spring-web-6.2.8.jar:6.2.8]
	at org.springframework.security.config.annotation.web.configuration.WebSecurityConfiguration$CompositeFilterChainProxy.doFilter(WebSecurityConfiguration.java:319) ~[spring-security-config-6.5.1.jar:6.5.1]
	at org.springframework.web.filter.CompositeFilter$VirtualFilterChain.doFilter(CompositeFilter.java:113) ~[spring-web-6.2.8.jar:6.2.8]
	at org.springframework.web.servlet.handler.HandlerMappingIntrospector.lambda$createCacheFilter$4(HandlerMappingIntrospector.java:267) ~[spring-webmvc-6.2.8.jar:6.2.8]
	at org.springframework.web.filter.CompositeFilter$VirtualFilterChain.doFilter(CompositeFilter.java:113) ~[spring-web-6.2.8.jar:6.2.8]
	at org.springframework.web.filter.CompositeFilter.doFilter(CompositeFilter.java:74) ~[spring-web-6.2.8.jar:6.2.8]
	at org.springframework.security.config.annotation.web.configuration.WebMvcSecurityConfiguration$CompositeFilterChainProxy.doFilter(WebMvcSecurityConfiguration.java:240) ~[spring-security-config-6.5.1.jar:6.5.1]
	at org.springframework.web.filter.DelegatingFilterProxy.invokeDelegate(DelegatingFilterProxy.java:362) ~[spring-web-6.2.8.jar:6.2.8]
	at org.springframework.web.filter.DelegatingFilterProxy.doFilter(DelegatingFilterProxy.java:278) ~[spring-web-6.2.8.jar:6.2.8]
	at org.apache.catalina.core.ApplicationFilterChain.internalDoFilter(ApplicationFilterChain.java:164) ~[tomcat-embed-core-10.1.42.jar:10.1.42]
	at org.apache.catalina.core.ApplicationFilterChain.doFilter(ApplicationFilterChain.java:140) ~[tomcat-embed-core-10.1.42.jar:10.1.42]
	at org.springframework.web.filter.RequestContextFilter.doFilterInternal(RequestContextFilter.java:100) ~[spring-web-6.2.8.jar:6.2.8]
	at org.springframework.web.filter.OncePerRequestFilter.doFilter(OncePerRequestFilter.java:116) ~[spring-web-6.2.8.jar:6.2.8]
	at org.apache.catalina.core.ApplicationFilterChain.internalDoFilter(ApplicationFilterChain.java:164) ~[tomcat-embed-core-10.1.42.jar:10.1.42]
	at org.apache.catalina.core.ApplicationFilterChain.doFilter(ApplicationFilterChain.java:140) ~[tomcat-embed-core-10.1.42.jar:10.1.42]
	at org.springframework.web.filter.FormContentFilter.doFilterInternal(FormContentFilter.java:93) ~[spring-web-6.2.8.jar:6.2.8]
	at org.springframework.web.filter.OncePerRequestFilter.doFilter(OncePerRequestFilter.java:116) ~[spring-web-6.2.8.jar:6.2.8]
	at org.apache.catalina.core.ApplicationFilterChain.internalDoFilter(ApplicationFilterChain.java:164) ~[tomcat-embed-core-10.1.42.jar:10.1.42]
	at org.apache.catalina.core.ApplicationFilterChain.doFilter(ApplicationFilterChain.java:140) ~[tomcat-embed-core-10.1.42.jar:10.1.42]
	at org.springframework.web.filter.ServerHttpObservationFilter.doFilterInternal(ServerHttpObservationFilter.java:114) ~[spring-web-6.2.8.jar:6.2.8]
	at org.springframework.web.filter.OncePerRequestFilter.doFilter(OncePerRequestFilter.java:116) ~[spring-web-6.2.8.jar:6.2.8]
	at org.apache.catalina.core.ApplicationFilterChain.internalDoFilter(ApplicationFilterChain.java:164) ~[tomcat-embed-core-10.1.42.jar:10.1.42]
	at org.apache.catalina.core.ApplicationFilterChain.doFilter(ApplicationFilterChain.java:140) ~[tomcat-embed-core-10.1.42.jar:10.1.42]
	at org.springframework.web.filter.CharacterEncodingFilter.doFilterInternal(CharacterEncodingFilter.java:201) ~[spring-web-6.2.8.jar:6.2.8]
	at org.springframework.web.filter.OncePerRequestFilter.doFilter(OncePerRequestFilter.java:116) ~[spring-web-6.2.8.jar:6.2.8]
	at org.apache.catalina.core.ApplicationFilterChain.internalDoFilter(ApplicationFilterChain.java:164) ~[tomcat-embed-core-10.1.42.jar:10.1.42]
	at org.apache.catalina.core.ApplicationFilterChain.doFilter(ApplicationFilterChain.java:140) ~[tomcat-embed-core-10.1.42.jar:10.1.42]
	at org.apache.catalina.core.StandardWrapperValve.invoke(StandardWrapperValve.java:167) ~[tomcat-embed-core-10.1.42.jar:10.1.42]
	at org.apache.catalina.core.StandardContextValve.invoke(StandardContextValve.java:90) ~[tomcat-embed-core-10.1.42.jar:10.1.42]
	at org.apache.catalina.authenticator.AuthenticatorBase.invoke(AuthenticatorBase.java:483) ~[tomcat-embed-core-10.1.42.jar:10.1.42]
	at org.apache.catalina.core.StandardHostValve.invoke(StandardHostValve.java:116) ~[tomcat-embed-core-10.1.42.jar:10.1.42]
	at org.apache.catalina.valves.ErrorReportValve.invoke(ErrorReportValve.java:93) ~[tomcat-embed-core-10.1.42.jar:10.1.42]
	at org.apache.catalina.core.StandardEngineValve.invoke(StandardEngineValve.java:74) ~[tomcat-embed-core-10.1.42.jar:10.1.42]
	at org.apache.catalina.connector.CoyoteAdapter.service(CoyoteAdapter.java:344) ~[tomcat-embed-core-10.1.42.jar:10.1.42]
	at org.apache.coyote.http11.Http11Processor.service(Http11Processor.java:398) ~[tomcat-embed-core-10.1.42.jar:10.1.42]
	at org.apache.coyote.AbstractProcessorLight.process(AbstractProcessorLight.java:63) ~[tomcat-embed-core-10.1.42.jar:10.1.42]
	at org.apache.coyote.AbstractProtocol$ConnectionHandler.process(AbstractProtocol.java:903) ~[tomcat-embed-core-10.1.42.jar:10.1.42]
	at org.apache.tomcat.util.net.NioEndpoint$SocketProcessor.doRun(NioEndpoint.java:1769) ~[tomcat-embed-core-10.1.42.jar:10.1.42]
	at org.apache.tomcat.util.net.SocketProcessorBase.run(SocketProcessorBase.java:52) ~[tomcat-embed-core-10.1.42.jar:10.1.42]
	at org.apache.tomcat.util.threads.ThreadPoolExecutor.runWorker(ThreadPoolExecutor.java:1189) ~[tomcat-embed-core-10.1.42.jar:10.1.42]
	at org.apache.tomcat.util.threads.ThreadPoolExecutor$Worker.run(ThreadPoolExecutor.java:658) ~[tomcat-embed-core-10.1.42.jar:10.1.42]
	at org.apache.tomcat.util.threads.TaskThread$WrappingRunnable.run(TaskThread.java:63) ~[tomcat-embed-core-10.1.42.jar:10.1.42]
	at java.base/java.lang.Thread.run(Thread.java:1447) ~[na:na]

2025-07-01T11:20:28.540+02:00 DEBUG 24704 --- [subtrackr] [http-nio-8080-exec-9] c.e.s.s.jwt.JwtAuthenticationFilter      : [JWT Filter] Authorization header: null
2025-07-01T11:20:32.132+02:00 DEBUG 24704 --- [subtrackr] [http-nio-8080-exec-10] c.e.s.s.jwt.JwtAuthenticationFilter      : [JWT Filter] Authorization header: Bearer eyJhbGciOiJIUzI1NiJ9.eyJzdWIiOiJ0ZXN0QGV4YW1wbGUuY29tIiwiaWF0IjoxNzUxMzYxNjI4LCJleHAiOjE3NTEzNjUyMjh9.oZ5C4aG0-rtAJt4_Sp8Oteor-HQEVCdfWb_SlnoMfb8
2025-07-01T11:20:32.134+02:00 DEBUG 24704 --- [subtrackr] [http-nio-8080-exec-10] c.e.s.s.jwt.JwtAuthenticationFilter      : [JWT Filter] Extracted userEmail: test@example.com
2025-07-01T11:20:32.211+02:00 DEBUG 24704 --- [subtrackr] [http-nio-8080-exec-10] c.e.s.s.jwt.JwtAuthenticationFilter      : [JWT Filter] Authentication set for user: test@example.com
2025-07-01T11:20:50.480+02:00 DEBUG 24704 --- [subtrackr] [http-nio-8080-exec-1] c.e.s.s.jwt.JwtAuthenticationFilter      : [JWT Filter] Authorization header: Bearer eyJhbGciOiJIUzI1NiJ9.eyJzdWIiOiJ0ZXN0QGV4YW1wbGUuY29tIiwiaWF0IjoxNzUxMzYxNjI4LCJleHAiOjE3NTEzNjUyMjh9.oZ5C4aG0-rtAJt4_Sp8Oteor-HQEVCdfWb_SlnoMfb8
2025-07-01T11:20:50.482+02:00 DEBUG 24704 --- [subtrackr] [http-nio-8080-exec-1] c.e.s.s.jwt.JwtAuthenticationFilter      : [JWT Filter] Extracted userEmail: test@example.com
2025-07-01T11:20:50.564+02:00 DEBUG 24704 --- [subtrackr] [http-nio-8080-exec-1] c.e.s.s.jwt.JwtAuthenticationFilter      : [JWT Filter] Authentication set for user: test@example.com
2025-07-01T11:21:38.536+02:00 DEBUG 24704 --- [subtrackr] [http-nio-8080-exec-2] c.e.s.s.jwt.JwtAuthenticationFilter      : [JWT Filter] Authorization header: Bearer eyJhbGciOiJIUzI1NiJ9.eyJzdWIiOiJ0ZXN0QGV4YW1wbGUuY29tIiwiaWF0IjoxNzUxMzYxNjI4LCJleHAiOjE3NTEzNjUyMjh9.oZ5C4aG0-rtAJt4_Sp8Oteor-HQEVCdfWb_SlnoMfb8
2025-07-01T11:21:38.539+02:00 DEBUG 24704 --- [subtrackr] [http-nio-8080-exec-2] c.e.s.s.jwt.JwtAuthenticationFilter      : [JWT Filter] Extracted userEmail: test@example.com
2025-07-01T11:21:38.618+02:00 DEBUG 24704 --- [subtrackr] [http-nio-8080-exec-2] c.e.s.s.jwt.JwtAuthenticationFilter      : [JWT Filter] Authentication set for user: test@example.com
2025-07-01T11:22:01.095+02:00 DEBUG 24704 --- [subtrackr] [http-nio-8080-exec-3] c.e.s.s.jwt.JwtAuthenticationFilter      : [JWT Filter] Authorization header: Bearer eyJhbGciOiJIUzI1NiJ9.eyJzdWIiOiJ0ZXN0QGV4YW1wbGUuY29tIiwiaWF0IjoxNzUxMzYxNjI4LCJleHAiOjE3NTEzNjUyMjh9.oZ5C4aG0-rtAJt4_Sp8Oteor-HQEVCdfWb_SlnoMfb8
2025-07-01T11:22:01.097+02:00 DEBUG 24704 --- [subtrackr] [http-nio-8080-exec-3] c.e.s.s.jwt.JwtAuthenticationFilter      : [JWT Filter] Extracted userEmail: test@example.com
2025-07-01T11:22:01.177+02:00 DEBUG 24704 --- [subtrackr] [http-nio-8080-exec-3] c.e.s.s.jwt.JwtAuthenticationFilter      : [JWT Filter] Authentication set for user: test@example.com
2025-07-01T11:22:07.283+02:00 DEBUG 24704 --- [subtrackr] [http-nio-8080-exec-4] c.e.s.s.jwt.JwtAuthenticationFilter      : [JWT Filter] Authorization header: Bearer eyJhbGciOiJIUzI1NiJ9.eyJzdWIiOiJ0ZXN0QGV4YW1wbGUuY29tIiwiaWF0IjoxNzUxMzYxNjI4LCJleHAiOjE3NTEzNjUyMjh9.oZ5C4aG0-rtAJt4_Sp8Oteor-HQEVCdfWb_SlnoMfb8
2025-07-01T11:22:07.285+02:00 DEBUG 24704 --- [subtrackr] [http-nio-8080-exec-4] c.e.s.s.jwt.JwtAuthenticationFilter      : [JWT Filter] Extracted userEmail: test@example.com
2025-07-01T11:22:07.362+02:00 DEBUG 24704 --- [subtrackr] [http-nio-8080-exec-4] c.e.s.s.jwt.JwtAuthenticationFilter      : [JWT Filter] Authentication set for user: test@example.com
2025-07-01T11:25:13.642+02:00 DEBUG 24704 --- [subtrackr] [http-nio-8080-exec-7] c.e.s.s.jwt.JwtAuthenticationFilter      : [JWT Filter] Authorization header: null
2025-07-01T11:25:36.527+02:00 DEBUG 24704 --- [subtrackr] [http-nio-8080-exec-8] c.e.s.s.jwt.JwtAuthenticationFilter      : [JWT Filter] Authorization header: Bearer eyJhbGciOiJIUzI1NiJ9.eyJzdWIiOiJ0ZXN0QGV4YW1wbGUuY29tIiwiaWF0IjoxNzUxMzYxOTEzLCJleHAiOjE3NTEzNjU1MTN9.C-tPhv9E1wbVOg-YTGohNBv5rc0y7HWNGtQFNu5zmqA
2025-07-01T11:25:36.528+02:00 DEBUG 24704 --- [subtrackr] [http-nio-8080-exec-8] c.e.s.s.jwt.JwtAuthenticationFilter      : [JWT Filter] Extracted userEmail: test@example.com
2025-07-01T11:25:36.606+02:00 DEBUG 24704 --- [subtrackr] [http-nio-8080-exec-8] c.e.s.s.jwt.JwtAuthenticationFilter      : [JWT Filter] Authentication set for user: test@example.com
2025-07-01T11:25:45.189+02:00 DEBUG 24704 --- [subtrackr] [http-nio-8080-exec-9] c.e.s.s.jwt.JwtAuthenticationFilter      : [JWT Filter] Authorization header: Bearer eyJhbGciOiJIUzI1NiJ9.eyJzdWIiOiJ0ZXN0QGV4YW1wbGUuY29tIiwiaWF0IjoxNzUxMzYxOTEzLCJleHAiOjE3NTEzNjU1MTN9.C-tPhv9E1wbVOg-YTGohNBv5rc0y7HWNGtQFNu5zmqA
2025-07-01T11:25:45.191+02:00 DEBUG 24704 --- [subtrackr] [http-nio-8080-exec-9] c.e.s.s.jwt.JwtAuthenticationFilter      : [JWT Filter] Extracted userEmail: test@example.com
2025-07-01T11:25:45.267+02:00 DEBUG 24704 --- [subtrackr] [http-nio-8080-exec-9] c.e.s.s.jwt.JwtAuthenticationFilter      : [JWT Filter] Authentication set for user: test@example.com
2025-07-01T11:26:50.566+02:00  INFO 5088 --- [subtrackr] [restartedMain] c.e.subtrackr.SubtrackrApplication       : Starting SubtrackrApplication using Java 24 with PID 5088 (C:\Users\fabri\OneDrive\Desktop\subtrackr\target\classes started by fabri in C:\Users\fabri\OneDrive\Desktop\subtrackr)
2025-07-01T11:26:50.568+02:00  INFO 5088 --- [subtrackr] [restartedMain] c.e.subtrackr.SubtrackrApplication       : No active profile set, falling back to 1 default profile: "default"
2025-07-01T11:26:50.616+02:00  INFO 5088 --- [subtrackr] [restartedMain] .e.DevToolsPropertyDefaultsPostProcessor : Devtools property defaults active! Set 'spring.devtools.add-properties' to 'false' to disable
2025-07-01T11:26:50.617+02:00  INFO 5088 --- [subtrackr] [restartedMain] .e.DevToolsPropertyDefaultsPostProcessor : For additional web related logging consider setting the 'logging.level.web' property to 'DEBUG'
2025-07-01T11:26:51.869+02:00  INFO 5088 --- [subtrackr] [restartedMain] .s.d.r.c.RepositoryConfigurationDelegate : Bootstrapping Spring Data JPA repositories in DEFAULT mode.
2025-07-01T11:26:51.946+02:00  INFO 5088 --- [subtrackr] [restartedMain] .s.d.r.c.RepositoryConfigurationDelegate : Finished Spring Data repository scanning in 65 ms. Found 2 JPA repository interfaces.
2025-07-01T11:26:52.824+02:00  INFO 5088 --- [subtrackr] [restartedMain] o.s.b.w.embedded.tomcat.TomcatWebServer  : Tomcat initialized with port 8080 (http)
2025-07-01T11:26:52.857+02:00  INFO 5088 --- [subtrackr] [restartedMain] o.apache.catalina.core.StandardService   : Starting service [Tomcat]
2025-07-01T11:26:52.858+02:00  INFO 5088 --- [subtrackr] [restartedMain] o.apache.catalina.core.StandardEngine    : Starting Servlet engine: [Apache Tomcat/10.1.42]
2025-07-01T11:26:52.914+02:00  INFO 5088 --- [subtrackr] [restartedMain] o.a.c.c.C.[Tomcat].[localhost].[/]       : Initializing Spring embedded WebApplicationContext
2025-07-01T11:26:52.915+02:00  INFO 5088 --- [subtrackr] [restartedMain] w.s.c.ServletWebServerApplicationContext : Root WebApplicationContext: initialization completed in 2298 ms
2025-07-01T11:26:53.295+02:00  INFO 5088 --- [subtrackr] [restartedMain] o.hibernate.jpa.internal.util.LogHelper  : HHH000204: Processing PersistenceUnitInfo [name: default]
2025-07-01T11:26:53.487+02:00  INFO 5088 --- [subtrackr] [restartedMain] org.hibernate.Version                    : HHH000412: Hibernate ORM core version 6.6.18.Final
2025-07-01T11:26:53.530+02:00  INFO 5088 --- [subtrackr] [restartedMain] o.h.c.internal.RegionFactoryInitiator    : HHH000026: Second-level cache disabled
2025-07-01T11:26:53.867+02:00  INFO 5088 --- [subtrackr] [restartedMain] o.s.o.j.p.SpringPersistenceUnitInfo      : No LoadTimeWeaver setup: ignoring JPA class transformer
2025-07-01T11:26:53.911+02:00  INFO 5088 --- [subtrackr] [restartedMain] com.zaxxer.hikari.HikariDataSource       : HikariPool-1 - Starting...
2025-07-01T11:26:54.808+02:00  INFO 5088 --- [subtrackr] [restartedMain] com.zaxxer.hikari.pool.HikariPool        : HikariPool-1 - Added connection org.postgresql.jdbc.PgConnection@67fa9afd
2025-07-01T11:26:54.810+02:00  INFO 5088 --- [subtrackr] [restartedMain] com.zaxxer.hikari.HikariDataSource       : HikariPool-1 - Start completed.
2025-07-01T11:26:54.888+02:00  WARN 5088 --- [subtrackr] [restartedMain] org.hibernate.orm.deprecation            : HHH90000025: PostgreSQLDialect does not need to be specified explicitly using 'hibernate.dialect' (remove the property setting and it will be selected by default)
2025-07-01T11:26:55.026+02:00  INFO 5088 --- [subtrackr] [restartedMain] org.hibernate.orm.connections.pooling    : HHH10001005: Database info:
	Database JDBC URL [Connecting through datasource 'HikariDataSource (HikariPool-1)']
	Database driver: undefined/unknown
	Database version: 16.8
	Autocommit mode: undefined/unknown
	Isolation level: undefined/unknown
	Minimum pool size: undefined/unknown
	Maximum pool size: undefined/unknown
2025-07-01T11:26:56.134+02:00  INFO 5088 --- [subtrackr] [restartedMain] o.h.e.t.j.p.i.JtaPlatformInitiator       : HHH000489: No JTA platform available (set 'hibernate.transaction.jta.platform' to enable JTA platform integration)
2025-07-01T11:26:56.664+02:00  INFO 5088 --- [subtrackr] [restartedMain] j.LocalContainerEntityManagerFactoryBean : Initialized JPA EntityManagerFactory for persistence unit 'default'
2025-07-01T11:26:57.033+02:00 DEBUG 5088 --- [subtrackr] [restartedMain] c.e.s.s.jwt.JwtAuthenticationFilter      : Filter 'jwtAuthenticationFilter' configured for use
2025-07-01T11:26:57.116+02:00  INFO 5088 --- [subtrackr] [restartedMain] r$InitializeUserDetailsManagerConfigurer : Global AuthenticationManager configured with UserDetailsService bean with name userDetailsServiceImpl
2025-07-01T11:26:57.236+02:00  WARN 5088 --- [subtrackr] [restartedMain] JpaBaseConfiguration$JpaWebConfiguration : spring.jpa.open-in-view is enabled by default. Therefore, database queries may be performed during view rendering. Explicitly configure spring.jpa.open-in-view to disable this warning
2025-07-01T11:26:57.730+02:00  INFO 5088 --- [subtrackr] [restartedMain] o.s.b.a.e.web.EndpointLinksResolver      : Exposing 1 endpoint beneath base path '/actuator'
2025-07-01T11:26:58.153+02:00  INFO 5088 --- [subtrackr] [restartedMain] o.s.b.d.a.OptionalLiveReloadServer       : LiveReload server is running on port 35729
2025-07-01T11:26:58.231+02:00  INFO 5088 --- [subtrackr] [restartedMain] o.s.b.w.embedded.tomcat.TomcatWebServer  : Tomcat started on port 8080 (http) with context path '/'
2025-07-01T11:26:58.242+02:00  INFO 5088 --- [subtrackr] [restartedMain] c.e.subtrackr.SubtrackrApplication       : Started SubtrackrApplication in 8.131 seconds (process running for 8.613)
2025-07-01T11:26:59.450+02:00  INFO 5088 --- [subtrackr] [RMI TCP Connection(2)-127.0.0.1] o.a.c.c.C.[Tomcat].[localhost].[/]       : Initializing Spring DispatcherServlet 'dispatcherServlet'
2025-07-01T11:26:59.451+02:00  INFO 5088 --- [subtrackr] [RMI TCP Connection(2)-127.0.0.1] o.s.web.servlet.DispatcherServlet        : Initializing Servlet 'dispatcherServlet'
2025-07-01T11:26:59.452+02:00  INFO 5088 --- [subtrackr] [RMI TCP Connection(2)-127.0.0.1] o.s.web.servlet.DispatcherServlet        : Completed initialization in 1 ms
2025-07-01T11:27:33.579+02:00 DEBUG 5088 --- [subtrackr] [http-nio-8080-exec-2] c.e.s.s.jwt.JwtAuthenticationFilter      : [JWT Filter] Authorization header: null
2025-07-01T11:27:52.539+02:00 DEBUG 5088 --- [subtrackr] [http-nio-8080-exec-4] c.e.s.s.jwt.JwtAuthenticationFilter      : [JWT Filter] Authorization header: Bearer eyJhbGciOiJIUzI1NiJ9.eyJzdWIiOiJ0ZXN0QGV4YW1wbGUuY29tIiwiaWF0IjoxNzUxMzYyMDU0LCJleHAiOjE3NTEzNjU2NTR9.tf0mzwGlXts_fNc9sPx7O4M7WGsfH98Uy485UqJd6PY
2025-07-01T11:27:52.549+02:00 DEBUG 5088 --- [subtrackr] [http-nio-8080-exec-4] c.e.s.s.jwt.JwtAuthenticationFilter      : [JWT Filter] Extracted userEmail: test@example.com
2025-07-01T11:27:52.661+02:00 DEBUG 5088 --- [subtrackr] [http-nio-8080-exec-4] c.e.s.s.jwt.JwtAuthenticationFilter      : [JWT Filter] Authentication set for user: test@example.com
2025-07-01T11:28:09.596+02:00 DEBUG 5088 --- [subtrackr] [http-nio-8080-exec-5] c.e.s.s.jwt.JwtAuthenticationFilter      : [JWT Filter] Authorization header: Bearer eyJhbGciOiJIUzI1NiJ9.eyJzdWIiOiJ0ZXN0QGV4YW1wbGUuY29tIiwiaWF0IjoxNzUxMzYyMDU0LCJleHAiOjE3NTEzNjU2NTR9.tf0mzwGlXts_fNc9sPx7O4M7WGsfH98Uy485UqJd6PY
2025-07-01T11:28:09.597+02:00 DEBUG 5088 --- [subtrackr] [http-nio-8080-exec-5] c.e.s.s.jwt.JwtAuthenticationFilter      : [JWT Filter] Extracted userEmail: test@example.com
2025-07-01T11:28:09.696+02:00 DEBUG 5088 --- [subtrackr] [http-nio-8080-exec-5] c.e.s.s.jwt.JwtAuthenticationFilter      : [JWT Filter] Authentication set for user: test@example.com
2025-07-01T11:28:15.287+02:00 DEBUG 5088 --- [subtrackr] [http-nio-8080-exec-3] c.e.s.s.jwt.JwtAuthenticationFilter      : [JWT Filter] Authorization header: Bearer eyJhbGciOiJIUzI1NiJ9.eyJzdWIiOiJ0ZXN0QGV4YW1wbGUuY29tIiwiaWF0IjoxNzUxMzYyMDU0LCJleHAiOjE3NTEzNjU2NTR9.tf0mzwGlXts_fNc9sPx7O4M7WGsfH98Uy485UqJd6PY
2025-07-01T11:28:15.289+02:00 DEBUG 5088 --- [subtrackr] [http-nio-8080-exec-3] c.e.s.s.jwt.JwtAuthenticationFilter      : [JWT Filter] Extracted userEmail: test@example.com
2025-07-01T11:28:15.375+02:00 DEBUG 5088 --- [subtrackr] [http-nio-8080-exec-3] c.e.s.s.jwt.JwtAuthenticationFilter      : [JWT Filter] Authentication set for user: test@example.com
2025-07-01T11:29:05.318+02:00 DEBUG 5088 --- [subtrackr] [http-nio-8080-exec-6] c.e.s.s.jwt.JwtAuthenticationFilter      : [JWT Filter] Authorization header: Bearer eyJhbGciOiJIUzI1NiJ9.eyJzdWIiOiJ0ZXN0QGV4YW1wbGUuY29tIiwiaWF0IjoxNzUxMzYyMDU0LCJleHAiOjE3NTEzNjU2NTR9.tf0mzwGlXts_fNc9sPx7O4M7WGsfH98Uy485UqJd6PY
2025-07-01T11:29:05.320+02:00 DEBUG 5088 --- [subtrackr] [http-nio-8080-exec-6] c.e.s.s.jwt.JwtAuthenticationFilter      : [JWT Filter] Extracted userEmail: test@example.com
2025-07-01T11:29:05.404+02:00 DEBUG 5088 --- [subtrackr] [http-nio-8080-exec-6] c.e.s.s.jwt.JwtAuthenticationFilter      : [JWT Filter] Authentication set for user: test@example.com
2025-07-01T11:31:44.037+02:00 DEBUG 5088 --- [subtrackr] [http-nio-8080-exec-7] c.e.s.s.jwt.JwtAuthenticationFilter      : [JWT Filter] Authorization header: Bearer eyJhbGciOiJIUzI1NiJ9.eyJzdWIiOiJ0ZXN0QGV4YW1wbGUuY29tIiwiaWF0IjoxNzUxMzYyMDU0LCJleHAiOjE3NTEzNjU2NTR9.tf0mzwGlXts_fNc9sPx7O4M7WGsfH98Uy485UqJd6PY
2025-07-01T11:31:44.039+02:00 DEBUG 5088 --- [subtrackr] [http-nio-8080-exec-7] c.e.s.s.jwt.JwtAuthenticationFilter      : [JWT Filter] Extracted userEmail: test@example.com
2025-07-01T11:31:44.126+02:00 DEBUG 5088 --- [subtrackr] [http-nio-8080-exec-7] c.e.s.s.jwt.JwtAuthenticationFilter      : [JWT Filter] Authentication set for user: test@example.com
2025-07-01T11:31:54.791+02:00 DEBUG 5088 --- [subtrackr] [http-nio-8080-exec-10] c.e.s.s.jwt.JwtAuthenticationFilter      : [JWT Filter] Authorization header: Bearer eyJhbGciOiJIUzI1NiJ9.eyJzdWIiOiJ0ZXN0QGV4YW1wbGUuY29tIiwiaWF0IjoxNzUxMzYyMDU0LCJleHAiOjE3NTEzNjU2NTR9.tf0mzwGlXts_fNc9sPx7O4M7WGsfH98Uy485UqJd6PY
2025-07-01T11:31:54.792+02:00 DEBUG 5088 --- [subtrackr] [http-nio-8080-exec-10] c.e.s.s.jwt.JwtAuthenticationFilter      : [JWT Filter] Extracted userEmail: test@example.com
2025-07-01T11:31:54.877+02:00 DEBUG 5088 --- [subtrackr] [http-nio-8080-exec-10] c.e.s.s.jwt.JwtAuthenticationFilter      : [JWT Filter] Authentication set for user: test@example.com
2025-07-01T11:34:03.927+02:00 DEBUG 5088 --- [subtrackr] [http-nio-8080-exec-2] c.e.s.s.jwt.JwtAuthenticationFilter      : [JWT Filter] Authorization header: Bearer eyJhbGciOiJIUzI1NiJ9.eyJzdWIiOiJ0ZXN0QGV4YW1wbGUuY29tIiwiaWF0IjoxNzUxMzYyMDU0LCJleHAiOjE3NTEzNjU2NTR9.tf0mzwGlXts_fNc9sPx7O4M7WGsfH98Uy485UqJd6PY
2025-07-01T11:34:03.929+02:00 DEBUG 5088 --- [subtrackr] [http-nio-8080-exec-2] c.e.s.s.jwt.JwtAuthenticationFilter      : [JWT Filter] Extracted userEmail: test@example.com
2025-07-01T11:34:04.015+02:00 DEBUG 5088 --- [subtrackr] [http-nio-8080-exec-2] c.e.s.s.jwt.JwtAuthenticationFilter      : [JWT Filter] Authentication set for user: test@example.com
2025-07-01T11:35:14.731+02:00 DEBUG 5088 --- [subtrackr] [http-nio-8080-exec-6] c.e.s.s.jwt.JwtAuthenticationFilter      : [JWT Filter] Authorization header: null
2025-07-01T11:35:19.791+02:00 DEBUG 5088 --- [subtrackr] [http-nio-8080-exec-8] c.e.s.s.jwt.JwtAuthenticationFilter      : [JWT Filter] Authorization header: Bearer eyJhbGciOiJIUzI1NiJ9.eyJzdWIiOiJ0ZXN0QGV4YW1wbGUuY29tIiwiaWF0IjoxNzUxMzYyNTE0LCJleHAiOjE3NTEzNjYxMTR9.DU50M2fPrrzb9RB0lN9V614b7e11itlPhNN6F0ICwHI
2025-07-01T11:35:19.793+02:00 DEBUG 5088 --- [subtrackr] [http-nio-8080-exec-8] c.e.s.s.jwt.JwtAuthenticationFilter      : [JWT Filter] Extracted userEmail: test@example.com
2025-07-01T11:35:19.875+02:00 DEBUG 5088 --- [subtrackr] [http-nio-8080-exec-8] c.e.s.s.jwt.JwtAuthenticationFilter      : [JWT Filter] Authentication set for user: test@example.com
2025-07-01T11:36:02.152+02:00 DEBUG 5088 --- [subtrackr] [http-nio-8080-exec-9] c.e.s.s.jwt.JwtAuthenticationFilter      : [JWT Filter] Authorization header: Bearer eyJhbGciOiJIUzI1NiJ9.eyJzdWIiOiJ0ZXN0QGV4YW1wbGUuY29tIiwiaWF0IjoxNzUxMzYyNTE0LCJleHAiOjE3NTEzNjYxMTR9.DU50M2fPrrzb9RB0lN9V614b7e11itlPhNN6F0ICwHI
2025-07-01T11:36:02.155+02:00 DEBUG 5088 --- [subtrackr] [http-nio-8080-exec-9] c.e.s.s.jwt.JwtAuthenticationFilter      : [JWT Filter] Extracted userEmail: test@example.com
2025-07-01T11:36:02.237+02:00 DEBUG 5088 --- [subtrackr] [http-nio-8080-exec-9] c.e.s.s.jwt.JwtAuthenticationFilter      : [JWT Filter] Authentication set for user: test@example.com
2025-07-01T11:36:30.383+02:00 DEBUG 5088 --- [subtrackr] [http-nio-8080-exec-7] c.e.s.s.jwt.JwtAuthenticationFilter      : [JWT Filter] Authorization header: Bearer eyJhbGciOiJIUzI1NiJ9.eyJzdWIiOiJ0ZXN0QGV4YW1wbGUuY29tIiwiaWF0IjoxNzUxMzYyNTE0LCJleHAiOjE3NTEzNjYxMTR9.DU50M2fPrrzb9RB0lN9V614b7e11itlPhNN6F0ICwHI
2025-07-01T11:36:30.384+02:00 DEBUG 5088 --- [subtrackr] [http-nio-8080-exec-7] c.e.s.s.jwt.JwtAuthenticationFilter      : [JWT Filter] Extracted userEmail: test@example.com
2025-07-01T11:36:30.467+02:00 DEBUG 5088 --- [subtrackr] [http-nio-8080-exec-7] c.e.s.s.jwt.JwtAuthenticationFilter      : [JWT Filter] Authentication set for user: test@example.com
2025-07-01T11:36:30.598+02:00 ERROR 5088 --- [subtrackr] [http-nio-8080-exec-7] o.a.c.c.C.[.[.[/].[dispatcherServlet]    : Servlet.service() for servlet [dispatcherServlet] in context with path [] threw exception [Request processing failed: java.lang.IllegalArgumentException: Piano non trovato o utente non autorizzato] with root cause

java.lang.IllegalArgumentException: Piano non trovato o utente non autorizzato
	at com.example.subtrackr.service.PlanService.lambda$6(PlanService.java:74) ~[classes/:na]
	at java.base/java.util.Optional.orElseThrow(Optional.java:403) ~[na:na]
	at com.example.subtrackr.service.PlanService.deletePlan(PlanService.java:74) ~[classes/:na]
	at java.base/jdk.internal.reflect.DirectMethodHandleAccessor.invoke(DirectMethodHandleAccessor.java:104) ~[na:na]
	at java.base/java.lang.reflect.Method.invoke(Method.java:565) ~[na:na]
	at org.springframework.aop.support.AopUtils.invokeJoinpointUsingReflection(AopUtils.java:359) ~[spring-aop-6.2.8.jar:6.2.8]
	at org.springframework.aop.framework.ReflectiveMethodInvocation.invokeJoinpoint(ReflectiveMethodInvocation.java:196) ~[spring-aop-6.2.8.jar:6.2.8]
	at org.springframework.aop.framework.ReflectiveMethodInvocation.proceed(ReflectiveMethodInvocation.java:163) ~[spring-aop-6.2.8.jar:6.2.8]
	at org.springframework.transaction.interceptor.TransactionAspectSupport.invokeWithinTransaction(TransactionAspectSupport.java:380) ~[spring-tx-6.2.8.jar:6.2.8]
	at org.springframework.transaction.interceptor.TransactionInterceptor.invoke(TransactionInterceptor.java:119) ~[spring-tx-6.2.8.jar:6.2.8]
	at org.springframework.aop.framework.ReflectiveMethodInvocation.proceed(ReflectiveMethodInvocation.java:184) ~[spring-aop-6.2.8.jar:6.2.8]
	at org.springframework.aop.framework.CglibAopProxy$DynamicAdvisedInterceptor.intercept(CglibAopProxy.java:728) ~[spring-aop-6.2.8.jar:6.2.8]
	at com.example.subtrackr.service.PlanService$$SpringCGLIB$$0.deletePlan(<generated>) ~[classes/:na]
	at com.example.subtrackr.controller.PlanController.deletePlan(PlanController.java:78) ~[classes/:na]
	at java.base/jdk.internal.reflect.DirectMethodHandleAccessor.invoke(DirectMethodHandleAccessor.java:104) ~[na:na]
	at java.base/java.lang.reflect.Method.invoke(Method.java:565) ~[na:na]
	at org.springframework.web.method.support.InvocableHandlerMethod.doInvoke(InvocableHandlerMethod.java:258) ~[spring-web-6.2.8.jar:6.2.8]
	at org.springframework.web.method.support.InvocableHandlerMethod.invokeForRequest(InvocableHandlerMethod.java:191) ~[spring-web-6.2.8.jar:6.2.8]
	at org.springframework.web.servlet.mvc.method.annotation.ServletInvocableHandlerMethod.invokeAndHandle(ServletInvocableHandlerMethod.java:118) ~[spring-webmvc-6.2.8.jar:6.2.8]
	at org.springframework.web.servlet.mvc.method.annotation.RequestMappingHandlerAdapter.invokeHandlerMethod(RequestMappingHandlerAdapter.java:986) ~[spring-webmvc-6.2.8.jar:6.2.8]
	at org.springframework.web.servlet.mvc.method.annotation.RequestMappingHandlerAdapter.handleInternal(RequestMappingHandlerAdapter.java:891) ~[spring-webmvc-6.2.8.jar:6.2.8]
	at org.springframework.web.servlet.mvc.method.AbstractHandlerMethodAdapter.handle(AbstractHandlerMethodAdapter.java:87) ~[spring-webmvc-6.2.8.jar:6.2.8]
	at org.springframework.web.servlet.DispatcherServlet.doDispatch(DispatcherServlet.java:1089) ~[spring-webmvc-6.2.8.jar:6.2.8]
	at org.springframework.web.servlet.DispatcherServlet.doService(DispatcherServlet.java:979) ~[spring-webmvc-6.2.8.jar:6.2.8]
	at org.springframework.web.servlet.FrameworkServlet.processRequest(FrameworkServlet.java:1014) ~[spring-webmvc-6.2.8.jar:6.2.8]
	at org.springframework.web.servlet.FrameworkServlet.doDelete(FrameworkServlet.java:936) ~[spring-webmvc-6.2.8.jar:6.2.8]
	at jakarta.servlet.http.HttpServlet.service(HttpServlet.java:596) ~[tomcat-embed-core-10.1.42.jar:6.0]
	at org.springframework.web.servlet.FrameworkServlet.service(FrameworkServlet.java:885) ~[spring-webmvc-6.2.8.jar:6.2.8]
	at jakarta.servlet.http.HttpServlet.service(HttpServlet.java:658) ~[tomcat-embed-core-10.1.42.jar:6.0]
	at org.apache.catalina.core.ApplicationFilterChain.internalDoFilter(ApplicationFilterChain.java:195) ~[tomcat-embed-core-10.1.42.jar:10.1.42]
	at org.apache.catalina.core.ApplicationFilterChain.doFilter(ApplicationFilterChain.java:140) ~[tomcat-embed-core-10.1.42.jar:10.1.42]
	at org.apache.tomcat.websocket.server.WsFilter.doFilter(WsFilter.java:51) ~[tomcat-embed-websocket-10.1.42.jar:10.1.42]
	at org.apache.catalina.core.ApplicationFilterChain.internalDoFilter(ApplicationFilterChain.java:164) ~[tomcat-embed-core-10.1.42.jar:10.1.42]
	at org.apache.catalina.core.ApplicationFilterChain.doFilter(ApplicationFilterChain.java:140) ~[tomcat-embed-core-10.1.42.jar:10.1.42]
	at org.springframework.web.filter.OncePerRequestFilter.doFilter(OncePerRequestFilter.java:110) ~[spring-web-6.2.8.jar:6.2.8]
	at org.apache.catalina.core.ApplicationFilterChain.internalDoFilter(ApplicationFilterChain.java:164) ~[tomcat-embed-core-10.1.42.jar:10.1.42]
	at org.apache.catalina.core.ApplicationFilterChain.doFilter(ApplicationFilterChain.java:140) ~[tomcat-embed-core-10.1.42.jar:10.1.42]
	at org.springframework.web.filter.CompositeFilter$VirtualFilterChain.doFilter(CompositeFilter.java:108) ~[spring-web-6.2.8.jar:6.2.8]
	at org.springframework.web.filter.CompositeFilter$VirtualFilterChain.doFilter(CompositeFilter.java:108) ~[spring-web-6.2.8.jar:6.2.8]
	at org.springframework.security.web.FilterChainProxy.lambda$doFilterInternal$3(FilterChainProxy.java:231) ~[spring-security-web-6.5.1.jar:6.5.1]
	at org.springframework.security.web.ObservationFilterChainDecorator$FilterObservation$SimpleFilterObservation.lambda$wrap$1(ObservationFilterChainDecorator.java:479) ~[spring-security-web-6.5.1.jar:6.5.1]
	at org.springframework.security.web.ObservationFilterChainDecorator$AroundFilterObservation$SimpleAroundFilterObservation.lambda$wrap$1(ObservationFilterChainDecorator.java:340) ~[spring-security-web-6.5.1.jar:6.5.1]
	at org.springframework.security.web.ObservationFilterChainDecorator.lambda$wrapSecured$0(ObservationFilterChainDecorator.java:82) ~[spring-security-web-6.5.1.jar:6.5.1]
	at org.springframework.security.web.ObservationFilterChainDecorator$VirtualFilterChain.doFilter(ObservationFilterChainDecorator.java:128) ~[spring-security-web-6.5.1.jar:6.5.1]
	at org.springframework.security.web.access.intercept.AuthorizationFilter.doFilter(AuthorizationFilter.java:101) ~[spring-security-web-6.5.1.jar:6.5.1]
	at org.springframework.security.web.ObservationFilterChainDecorator$ObservationFilter.wrapFilter(ObservationFilterChainDecorator.java:240) ~[spring-security-web-6.5.1.jar:6.5.1]
	at org.springframework.security.web.ObservationFilterChainDecorator$ObservationFilter.doFilter(ObservationFilterChainDecorator.java:227) ~[spring-security-web-6.5.1.jar:6.5.1]
	at org.springframework.security.web.ObservationFilterChainDecorator$VirtualFilterChain.doFilter(ObservationFilterChainDecorator.java:137) ~[spring-security-web-6.5.1.jar:6.5.1]
	at org.springframework.security.web.access.ExceptionTranslationFilter.doFilter(ExceptionTranslationFilter.java:125) ~[spring-security-web-6.5.1.jar:6.5.1]
	at org.springframework.security.web.access.ExceptionTranslationFilter.doFilter(ExceptionTranslationFilter.java:119) ~[spring-security-web-6.5.1.jar:6.5.1]
	at org.springframework.security.web.ObservationFilterChainDecorator$ObservationFilter.wrapFilter(ObservationFilterChainDecorator.java:240) ~[spring-security-web-6.5.1.jar:6.5.1]
	at org.springframework.security.web.ObservationFilterChainDecorator$ObservationFilter.doFilter(ObservationFilterChainDecorator.java:227) ~[spring-security-web-6.5.1.jar:6.5.1]
	at org.springframework.security.web.ObservationFilterChainDecorator$VirtualFilterChain.doFilter(ObservationFilterChainDecorator.java:137) ~[spring-security-web-6.5.1.jar:6.5.1]
	at org.springframework.security.web.session.SessionManagementFilter.doFilter(SessionManagementFilter.java:131) ~[spring-security-web-6.5.1.jar:6.5.1]
	at org.springframework.security.web.session.SessionManagementFilter.doFilter(SessionManagementFilter.java:85) ~[spring-security-web-6.5.1.jar:6.5.1]
	at org.springframework.security.web.ObservationFilterChainDecorator$ObservationFilter.wrapFilter(ObservationFilterChainDecorator.java:240) ~[spring-security-web-6.5.1.jar:6.5.1]
	at org.springframework.security.web.ObservationFilterChainDecorator$ObservationFilter.doFilter(ObservationFilterChainDecorator.java:227) ~[spring-security-web-6.5.1.jar:6.5.1]
	at org.springframework.security.web.ObservationFilterChainDecorator$VirtualFilterChain.doFilter(ObservationFilterChainDecorator.java:137) ~[spring-security-web-6.5.1.jar:6.5.1]
	at org.springframework.security.web.authentication.AnonymousAuthenticationFilter.doFilter(AnonymousAuthenticationFilter.java:100) ~[spring-security-web-6.5.1.jar:6.5.1]
	at org.springframework.security.web.ObservationFilterChainDecorator$ObservationFilter.wrapFilter(ObservationFilterChainDecorator.java:240) ~[spring-security-web-6.5.1.jar:6.5.1]
	at org.springframework.security.web.ObservationFilterChainDecorator$ObservationFilter.doFilter(ObservationFilterChainDecorator.java:227) ~[spring-security-web-6.5.1.jar:6.5.1]
	at org.springframework.security.web.ObservationFilterChainDecorator$VirtualFilterChain.doFilter(ObservationFilterChainDecorator.java:137) ~[spring-security-web-6.5.1.jar:6.5.1]
	at org.springframework.security.web.servletapi.SecurityContextHolderAwareRequestFilter.doFilter(SecurityContextHolderAwareRequestFilter.java:179) ~[spring-security-web-6.5.1.jar:6.5.1]
	at org.springframework.security.web.ObservationFilterChainDecorator$ObservationFilter.wrapFilter(ObservationFilterChainDecorator.java:240) ~[spring-security-web-6.5.1.jar:6.5.1]
	at org.springframework.security.web.ObservationFilterChainDecorator$ObservationFilter.doFilter(ObservationFilterChainDecorator.java:227) ~[spring-security-web-6.5.1.jar:6.5.1]
	at org.springframework.security.web.ObservationFilterChainDecorator$VirtualFilterChain.doFilter(ObservationFilterChainDecorator.java:137) ~[spring-security-web-6.5.1.jar:6.5.1]
	at org.springframework.security.web.savedrequest.RequestCacheAwareFilter.doFilter(RequestCacheAwareFilter.java:63) ~[spring-security-web-6.5.1.jar:6.5.1]
	at org.springframework.security.web.ObservationFilterChainDecorator$ObservationFilter.wrapFilter(ObservationFilterChainDecorator.java:240) ~[spring-security-web-6.5.1.jar:6.5.1]
	at org.springframework.security.web.ObservationFilterChainDecorator$ObservationFilter.doFilter(ObservationFilterChainDecorator.java:227) ~[spring-security-web-6.5.1.jar:6.5.1]
	at org.springframework.security.web.ObservationFilterChainDecorator$VirtualFilterChain.doFilter(ObservationFilterChainDecorator.java:137) ~[spring-security-web-6.5.1.jar:6.5.1]
	at com.example.subtrackr.security.jwt.JwtAuthenticationFilter.doFilterInternal(JwtAuthenticationFilter.java:81) ~[classes/:na]
	at org.springframework.web.filter.OncePerRequestFilter.doFilter(OncePerRequestFilter.java:116) ~[spring-web-6.2.8.jar:6.2.8]
	at org.springframework.security.web.ObservationFilterChainDecorator$ObservationFilter.wrapFilter(ObservationFilterChainDecorator.java:240) ~[spring-security-web-6.5.1.jar:6.5.1]
	at org.springframework.security.web.ObservationFilterChainDecorator$ObservationFilter.doFilter(ObservationFilterChainDecorator.java:227) ~[spring-security-web-6.5.1.jar:6.5.1]
	at org.springframework.security.web.ObservationFilterChainDecorator$VirtualFilterChain.doFilter(ObservationFilterChainDecorator.java:137) ~[spring-security-web-6.5.1.jar:6.5.1]
	at org.springframework.security.web.authentication.logout.LogoutFilter.doFilter(LogoutFilter.java:107) ~[spring-security-web-6.5.1.jar:6.5.1]
	at org.springframework.security.web.authentication.logout.LogoutFilter.doFilter(LogoutFilter.java:93) ~[spring-security-web-6.5.1.jar:6.5.1]
	at org.springframework.security.web.ObservationFilterChainDecorator$ObservationFilter.wrapFilter(ObservationFilterChainDecorator.java:240) ~[spring-security-web-6.5.1.jar:6.5.1]
	at org.springframework.security.web.ObservationFilterChainDecorator$ObservationFilter.doFilter(ObservationFilterChainDecorator.java:227) ~[spring-security-web-6.5.1.jar:6.5.1]
	at org.springframework.security.web.ObservationFilterChainDecorator$VirtualFilterChain.doFilter(ObservationFilterChainDecorator.java:137) ~[spring-security-web-6.5.1.jar:6.5.1]
	at org.springframework.security.web.header.HeaderWriterFilter.doHeadersAfter(HeaderWriterFilter.java:90) ~[spring-security-web-6.5.1.jar:6.5.1]
	at org.springframework.security.web.header.HeaderWriterFilter.doFilterInternal(HeaderWriterFilter.java:75) ~[spring-security-web-6.5.1.jar:6.5.1]
	at org.springframework.web.filter.OncePerRequestFilter.doFilter(OncePerRequestFilter.java:116) ~[spring-web-6.2.8.jar:6.2.8]
	at org.springframework.security.web.ObservationFilterChainDecorator$ObservationFilter.wrapFilter(ObservationFilterChainDecorator.java:240) ~[spring-security-web-6.5.1.jar:6.5.1]
	at org.springframework.security.web.ObservationFilterChainDecorator$ObservationFilter.doFilter(ObservationFilterChainDecorator.java:227) ~[spring-security-web-6.5.1.jar:6.5.1]
	at org.springframework.security.web.ObservationFilterChainDecorator$VirtualFilterChain.doFilter(ObservationFilterChainDecorator.java:137) ~[spring-security-web-6.5.1.jar:6.5.1]
	at org.springframework.security.web.context.SecurityContextHolderFilter.doFilter(SecurityContextHolderFilter.java:82) ~[spring-security-web-6.5.1.jar:6.5.1]
	at org.springframework.security.web.context.SecurityContextHolderFilter.doFilter(SecurityContextHolderFilter.java:69) ~[spring-security-web-6.5.1.jar:6.5.1]
	at org.springframework.security.web.ObservationFilterChainDecorator$ObservationFilter.wrapFilter(ObservationFilterChainDecorator.java:240) ~[spring-security-web-6.5.1.jar:6.5.1]
	at org.springframework.security.web.ObservationFilterChainDecorator$ObservationFilter.doFilter(ObservationFilterChainDecorator.java:227) ~[spring-security-web-6.5.1.jar:6.5.1]
	at org.springframework.security.web.ObservationFilterChainDecorator$VirtualFilterChain.doFilter(ObservationFilterChainDecorator.java:137) ~[spring-security-web-6.5.1.jar:6.5.1]
	at org.springframework.security.web.context.request.async.WebAsyncManagerIntegrationFilter.doFilterInternal(WebAsyncManagerIntegrationFilter.java:62) ~[spring-security-web-6.5.1.jar:6.5.1]
	at org.springframework.web.filter.OncePerRequestFilter.doFilter(OncePerRequestFilter.java:116) ~[spring-web-6.2.8.jar:6.2.8]
	at org.springframework.security.web.ObservationFilterChainDecorator$ObservationFilter.wrapFilter(ObservationFilterChainDecorator.java:240) ~[spring-security-web-6.5.1.jar:6.5.1]
	at org.springframework.security.web.ObservationFilterChainDecorator$ObservationFilter.doFilter(ObservationFilterChainDecorator.java:227) ~[spring-security-web-6.5.1.jar:6.5.1]
	at org.springframework.security.web.ObservationFilterChainDecorator$VirtualFilterChain.doFilter(ObservationFilterChainDecorator.java:137) ~[spring-security-web-6.5.1.jar:6.5.1]
	at org.springframework.security.web.session.DisableEncodeUrlFilter.doFilterInternal(DisableEncodeUrlFilter.java:42) ~[spring-security-web-6.5.1.jar:6.5.1]
	at org.springframework.web.filter.OncePerRequestFilter.doFilter(OncePerRequestFilter.java:116) ~[spring-web-6.2.8.jar:6.2.8]
	at org.springframework.security.web.ObservationFilterChainDecorator$ObservationFilter.wrapFilter(ObservationFilterChainDecorator.java:240) ~[spring-security-web-6.5.1.jar:6.5.1]
	at org.springframework.security.web.ObservationFilterChainDecorator$AroundFilterObservation$SimpleAroundFilterObservation.lambda$wrap$0(ObservationFilterChainDecorator.java:323) ~[spring-security-web-6.5.1.jar:6.5.1]
	at org.springframework.security.web.ObservationFilterChainDecorator$ObservationFilter.doFilter(ObservationFilterChainDecorator.java:224) ~[spring-security-web-6.5.1.jar:6.5.1]
	at org.springframework.security.web.ObservationFilterChainDecorator$VirtualFilterChain.doFilter(ObservationFilterChainDecorator.java:137) ~[spring-security-web-6.5.1.jar:6.5.1]
	at org.springframework.security.web.FilterChainProxy.doFilterInternal(FilterChainProxy.java:233) ~[spring-security-web-6.5.1.jar:6.5.1]
	at org.springframework.security.web.FilterChainProxy.doFilter(FilterChainProxy.java:191) ~[spring-security-web-6.5.1.jar:6.5.1]
	at org.springframework.web.filter.CompositeFilter$VirtualFilterChain.doFilter(CompositeFilter.java:113) ~[spring-web-6.2.8.jar:6.2.8]
	at org.springframework.web.filter.ServletRequestPathFilter.doFilter(ServletRequestPathFilter.java:52) ~[spring-web-6.2.8.jar:6.2.8]
	at org.springframework.web.filter.CompositeFilter$VirtualFilterChain.doFilter(CompositeFilter.java:113) ~[spring-web-6.2.8.jar:6.2.8]
	at org.springframework.web.filter.CompositeFilter.doFilter(CompositeFilter.java:74) ~[spring-web-6.2.8.jar:6.2.8]
	at org.springframework.security.config.annotation.web.configuration.WebSecurityConfiguration$CompositeFilterChainProxy.doFilter(WebSecurityConfiguration.java:319) ~[spring-security-config-6.5.1.jar:6.5.1]
	at org.springframework.web.filter.CompositeFilter$VirtualFilterChain.doFilter(CompositeFilter.java:113) ~[spring-web-6.2.8.jar:6.2.8]
	at org.springframework.web.servlet.handler.HandlerMappingIntrospector.lambda$createCacheFilter$4(HandlerMappingIntrospector.java:267) ~[spring-webmvc-6.2.8.jar:6.2.8]
	at org.springframework.web.filter.CompositeFilter$VirtualFilterChain.doFilter(CompositeFilter.java:113) ~[spring-web-6.2.8.jar:6.2.8]
	at org.springframework.web.filter.CompositeFilter.doFilter(CompositeFilter.java:74) ~[spring-web-6.2.8.jar:6.2.8]
	at org.springframework.security.config.annotation.web.configuration.WebMvcSecurityConfiguration$CompositeFilterChainProxy.doFilter(WebMvcSecurityConfiguration.java:240) ~[spring-security-config-6.5.1.jar:6.5.1]
	at org.springframework.web.filter.DelegatingFilterProxy.invokeDelegate(DelegatingFilterProxy.java:362) ~[spring-web-6.2.8.jar:6.2.8]
	at org.springframework.web.filter.DelegatingFilterProxy.doFilter(DelegatingFilterProxy.java:278) ~[spring-web-6.2.8.jar:6.2.8]
	at org.apache.catalina.core.ApplicationFilterChain.internalDoFilter(ApplicationFilterChain.java:164) ~[tomcat-embed-core-10.1.42.jar:10.1.42]
	at org.apache.catalina.core.ApplicationFilterChain.doFilter(ApplicationFilterChain.java:140) ~[tomcat-embed-core-10.1.42.jar:10.1.42]
	at org.springframework.web.filter.RequestContextFilter.doFilterInternal(RequestContextFilter.java:100) ~[spring-web-6.2.8.jar:6.2.8]
	at org.springframework.web.filter.OncePerRequestFilter.doFilter(OncePerRequestFilter.java:116) ~[spring-web-6.2.8.jar:6.2.8]
	at org.apache.catalina.core.ApplicationFilterChain.internalDoFilter(ApplicationFilterChain.java:164) ~[tomcat-embed-core-10.1.42.jar:10.1.42]
	at org.apache.catalina.core.ApplicationFilterChain.doFilter(ApplicationFilterChain.java:140) ~[tomcat-embed-core-10.1.42.jar:10.1.42]
	at org.springframework.web.filter.FormContentFilter.doFilterInternal(FormContentFilter.java:93) ~[spring-web-6.2.8.jar:6.2.8]
	at org.springframework.web.filter.OncePerRequestFilter.doFilter(OncePerRequestFilter.java:116) ~[spring-web-6.2.8.jar:6.2.8]
	at org.apache.catalina.core.ApplicationFilterChain.internalDoFilter(ApplicationFilterChain.java:164) ~[tomcat-embed-core-10.1.42.jar:10.1.42]
	at org.apache.catalina.core.ApplicationFilterChain.doFilter(ApplicationFilterChain.java:140) ~[tomcat-embed-core-10.1.42.jar:10.1.42]
	at org.springframework.web.filter.ServerHttpObservationFilter.doFilterInternal(ServerHttpObservationFilter.java:114) ~[spring-web-6.2.8.jar:6.2.8]
	at org.springframework.web.filter.OncePerRequestFilter.doFilter(OncePerRequestFilter.java:116) ~[spring-web-6.2.8.jar:6.2.8]
	at org.apache.catalina.core.ApplicationFilterChain.internalDoFilter(ApplicationFilterChain.java:164) ~[tomcat-embed-core-10.1.42.jar:10.1.42]
	at org.apache.catalina.core.ApplicationFilterChain.doFilter(ApplicationFilterChain.java:140) ~[tomcat-embed-core-10.1.42.jar:10.1.42]
	at org.springframework.web.filter.CharacterEncodingFilter.doFilterInternal(CharacterEncodingFilter.java:201) ~[spring-web-6.2.8.jar:6.2.8]
	at org.springframework.web.filter.OncePerRequestFilter.doFilter(OncePerRequestFilter.java:116) ~[spring-web-6.2.8.jar:6.2.8]
	at org.apache.catalina.core.ApplicationFilterChain.internalDoFilter(ApplicationFilterChain.java:164) ~[tomcat-embed-core-10.1.42.jar:10.1.42]
	at org.apache.catalina.core.ApplicationFilterChain.doFilter(ApplicationFilterChain.java:140) ~[tomcat-embed-core-10.1.42.jar:10.1.42]
	at org.apache.catalina.core.StandardWrapperValve.invoke(StandardWrapperValve.java:167) ~[tomcat-embed-core-10.1.42.jar:10.1.42]
	at org.apache.catalina.core.StandardContextValve.invoke(StandardContextValve.java:90) ~[tomcat-embed-core-10.1.42.jar:10.1.42]
	at org.apache.catalina.authenticator.AuthenticatorBase.invoke(AuthenticatorBase.java:483) ~[tomcat-embed-core-10.1.42.jar:10.1.42]
	at org.apache.catalina.core.StandardHostValve.invoke(StandardHostValve.java:116) ~[tomcat-embed-core-10.1.42.jar:10.1.42]
	at org.apache.catalina.valves.ErrorReportValve.invoke(ErrorReportValve.java:93) ~[tomcat-embed-core-10.1.42.jar:10.1.42]
	at org.apache.catalina.core.StandardEngineValve.invoke(StandardEngineValve.java:74) ~[tomcat-embed-core-10.1.42.jar:10.1.42]
	at org.apache.catalina.connector.CoyoteAdapter.service(CoyoteAdapter.java:344) ~[tomcat-embed-core-10.1.42.jar:10.1.42]
	at org.apache.coyote.http11.Http11Processor.service(Http11Processor.java:398) ~[tomcat-embed-core-10.1.42.jar:10.1.42]
	at org.apache.coyote.AbstractProcessorLight.process(AbstractProcessorLight.java:63) ~[tomcat-embed-core-10.1.42.jar:10.1.42]
	at org.apache.coyote.AbstractProtocol$ConnectionHandler.process(AbstractProtocol.java:903) ~[tomcat-embed-core-10.1.42.jar:10.1.42]
	at org.apache.tomcat.util.net.NioEndpoint$SocketProcessor.doRun(NioEndpoint.java:1769) ~[tomcat-embed-core-10.1.42.jar:10.1.42]
	at org.apache.tomcat.util.net.SocketProcessorBase.run(SocketProcessorBase.java:52) ~[tomcat-embed-core-10.1.42.jar:10.1.42]
	at org.apache.tomcat.util.threads.ThreadPoolExecutor.runWorker(ThreadPoolExecutor.java:1189) ~[tomcat-embed-core-10.1.42.jar:10.1.42]
	at org.apache.tomcat.util.threads.ThreadPoolExecutor$Worker.run(ThreadPoolExecutor.java:658) ~[tomcat-embed-core-10.1.42.jar:10.1.42]
	at org.apache.tomcat.util.threads.TaskThread$WrappingRunnable.run(TaskThread.java:63) ~[tomcat-embed-core-10.1.42.jar:10.1.42]
	at java.base/java.lang.Thread.run(Thread.java:1447) ~[na:na]

2025-07-01T11:36:35.547+02:00 DEBUG 5088 --- [subtrackr] [http-nio-8080-exec-10] c.e.s.s.jwt.JwtAuthenticationFilter      : [JWT Filter] Authorization header: Bearer eyJhbGciOiJIUzI1NiJ9.eyJzdWIiOiJ0ZXN0QGV4YW1wbGUuY29tIiwiaWF0IjoxNzUxMzYyNTE0LCJleHAiOjE3NTEzNjYxMTR9.DU50M2fPrrzb9RB0lN9V614b7e11itlPhNN6F0ICwHI
2025-07-01T11:36:35.548+02:00 DEBUG 5088 --- [subtrackr] [http-nio-8080-exec-10] c.e.s.s.jwt.JwtAuthenticationFilter      : [JWT Filter] Extracted userEmail: test@example.com
2025-07-01T11:36:35.633+02:00 DEBUG 5088 --- [subtrackr] [http-nio-8080-exec-10] c.e.s.s.jwt.JwtAuthenticationFilter      : [JWT Filter] Authentication set for user: test@example.com
2025-07-01T11:37:08.352+02:00 DEBUG 5088 --- [subtrackr] [http-nio-8080-exec-1] c.e.s.s.jwt.JwtAuthenticationFilter      : [JWT Filter] Authorization header: Bearer eyJhbGciOiJIUzI1NiJ9.eyJzdWIiOiJ0ZXN0QGV4YW1wbGUuY29tIiwiaWF0IjoxNzUxMzYyNTE0LCJleHAiOjE3NTEzNjYxMTR9.DU50M2fPrrzb9RB0lN9V614b7e11itlPhNN6F0ICwHI
2025-07-01T11:37:08.353+02:00 DEBUG 5088 --- [subtrackr] [http-nio-8080-exec-1] c.e.s.s.jwt.JwtAuthenticationFilter      : [JWT Filter] Extracted userEmail: test@example.com
2025-07-01T11:37:08.436+02:00 DEBUG 5088 --- [subtrackr] [http-nio-8080-exec-1] c.e.s.s.jwt.JwtAuthenticationFilter      : [JWT Filter] Authentication set for user: test@example.com
